[2026-03-05 15:05:39] 后台服务启动 - 优化版本
[2026-03-05 15:05:39] 检查 #1: Session 46217e9c-6e1b-4a11-9a89-162981fa57de.jsonl, tokens = 359329
[2026-03-05 15:05:39] 达到阈值，触发压缩
[2026-03-05 15:05:39] ✅ 压缩完成: 268663 tokens (压缩率 74.8%)
[2026-03-05 15:06:08] 收到停止信号 15
[2026-03-05 15:06:23] 后台服务启动 - 优化版本
[2026-03-05 15:06:23] 检查 #1: Session 46217e9c-6e1b-4a11-9a89-162981fa57de.jsonl, tokens = 359329
[2026-03-05 15:06:23] 达到阈值，触发压缩
[2026-03-05 15:06:23] ✅ 压缩完成: 268663 tokens (压缩率 74.8%)
[2026-03-05 15:08:23] 检查 #2: Session 46217e9c-6e1b-4a11-9a89-162981fa57de.jsonl, tokens = 359329
[2026-03-05 15:08:23] 达到阈值，触发压缩
[2026-03-05 15:08:23] ✅ 压缩完成: 268663 tokens (压缩率 74.8%)
[2026-03-05 15:10:23] 检查 #3: Session 46217e9c-6e1b-4a11-9a89-162981fa57de.jsonl, tokens = 359329
[2026-03-05 15:10:23] 达到阈值，触发压缩
[2026-03-05 15:10:23] ✅ 压缩完成: 268663 tokens (压缩率 74.8%)
[2026-03-05 15:12:23] 检查 #4: Session 46217e9c-6e1b-4a11-9a89-162981fa57de.jsonl, tokens = 359329
[2026-03-05 15:12:23] 达到阈值，触发压缩
[2026-03-05 15:12:23] ✅ 压缩完成: 268663 tokens (压缩率 74.8%)
[2026-03-05 15:14:23] 检查 #5: Session 46217e9c-6e1b-4a11-9a89-162981fa57de.jsonl, tokens = 359329
[2026-03-05 15:14:23] 达到阈值，触发压缩
[2026-03-05 15:14:23] ✅ 压缩完成: 268663 tokens (压缩率 74.8%)
[2026-03-05 15:16:23] 检查 #6: Session 46217e9c-6e1b-4a11-9a89-162981fa57de.jsonl, tokens = 359329
[2026-03-05 15:16:23] 达到阈值，触发压缩
[2026-03-05 15:16:23] ✅ 压缩完成: 268663 tokens (压缩率 74.8%)
[2026-03-05 15:18:23] 检查 #7: Session 46217e9c-6e1b-4a11-9a89-162981fa57de.jsonl, tokens = 359329
[2026-03-05 15:18:23] 达到阈值，触发压缩
[2026-03-05 15:18:23] ✅ 压缩完成: 268663 tokens (压缩率 74.8%)
[2026-03-05 15:19:27] 收到停止信号 15
[2026-03-05 15:19:42] ✅ 已备份原始session: 46217e9c-6e1b-4a11-9a89-162981fa57de_20260305_151942.jsonl.backup
[2026-03-05 15:19:42] ✅ 已替换原始session为压缩版本
[2026-03-05 15:20:23] 后台服务停止
[2026-03-05 16:16:25] 后台服务启动 - V2.1 真正节约tokens版本
[2026-03-05 16:16:25] Session年龄 0.0h < 2h，加入白名单
[2026-03-05 16:16:25] 检查 #1: Session 46217e9c-6e1b-4a11-9a89-162981fa57de.jsonl 在白名单中，跳过
[2026-03-05 16:18:25] 检查 #2: Session 46217e9c-6e1b-4a11-9a89-162981fa57de.jsonl 在白名单中，跳过
